{"@timestamp":"2026-02-15T10:52:35.3441568+03:00","@version":"1","message":"Starting UsersServiceApplication using Java 21.0.8 with PID 20372 (C:\\University\\5_semester\\WebbySkyTracker\\webbysky-tracker-microservices\\users-service\\build\\classes\\java\\main started by User in C:\\University\\5_semester\\WebbySkyTracker\\webbysky-tracker-microservices)","logger_name":"ru.webbyskytracker.usersservice.UsersServiceApplication","thread_name":"main","level":"INFO","level_value":20000}
{"@timestamp":"2026-02-15T10:52:35.3551222+03:00","@version":"1","message":"The following 1 profile is active: \"dev\"","logger_name":"ru.webbyskytracker.usersservice.UsersServiceApplication","thread_name":"main","level":"INFO","level_value":20000}
{"@timestamp":"2026-02-15T10:52:36.2377129+03:00","@version":"1","message":"Multiple Spring Data modules found, entering strict repository configuration mode","logger_name":"org.springframework.data.repository.config.RepositoryConfigurationDelegate","thread_name":"main","level":"INFO","level_value":20000}
{"@timestamp":"2026-02-15T10:52:36.2397139+03:00","@version":"1","message":"Bootstrapping Spring Data JPA repositories in DEFAULT mode.","logger_name":"org.springframework.data.repository.config.RepositoryConfigurationDelegate","thread_name":"main","level":"INFO","level_value":20000}
{"@timestamp":"2026-02-15T10:52:36.3577133+03:00","@version":"1","message":"Finished Spring Data repository scanning in 111 ms. Found 1 JPA repository interface.","logger_name":"org.springframework.data.repository.config.RepositoryConfigurationDelegate","thread_name":"main","level":"INFO","level_value":20000}
{"@timestamp":"2026-02-15T10:52:36.3777154+03:00","@version":"1","message":"Multiple Spring Data modules found, entering strict repository configuration mode","logger_name":"org.springframework.data.repository.config.RepositoryConfigurationDelegate","thread_name":"main","level":"INFO","level_value":20000}
{"@timestamp":"2026-02-15T10:52:36.3787146+03:00","@version":"1","message":"Bootstrapping Spring Data Redis repositories in DEFAULT mode.","logger_name":"org.springframework.data.repository.config.RepositoryConfigurationDelegate","thread_name":"main","level":"INFO","level_value":20000}
{"@timestamp":"2026-02-15T10:52:36.39536+03:00","@version":"1","message":"Spring Data Redis - Could not safely identify store assignment for repository candidate interface ru.webbyskytracker.usersservice.repository.UserRepository; If you want this repository to be a Redis repository, consider annotating your entities with one of these annotations: org.springframework.data.redis.core.RedisHash (preferred), or consider extending one of the following types with your repository: org.springframework.data.keyvalue.repository.KeyValueRepository","logger_name":"org.springframework.data.repository.config.RepositoryConfigurationExtensionSupport","thread_name":"main","level":"INFO","level_value":20000}
{"@timestamp":"2026-02-15T10:52:36.39536+03:00","@version":"1","message":"Finished Spring Data repository scanning in 6 ms. Found 0 Redis repository interfaces.","logger_name":"org.springframework.data.repository.config.RepositoryConfigurationDelegate","thread_name":"main","level":"INFO","level_value":20000}
{"@timestamp":"2026-02-15T10:52:36.619238+03:00","@version":"1","message":"BeanFactory id=4a9f9b72-a8c3-3dbf-b331-d0781c74a5b1","logger_name":"org.springframework.cloud.context.scope.GenericScope","thread_name":"main","level":"INFO","level_value":20000}
{"@timestamp":"2026-02-15T10:52:37.0590561+03:00","@version":"1","message":"Tomcat initialized with port 8080 (http)","logger_name":"org.springframework.boot.web.embedded.tomcat.TomcatWebServer","thread_name":"main","level":"INFO","level_value":20000}
{"@timestamp":"2026-02-15T10:52:37.069056+03:00","@version":"1","message":"Starting service [Tomcat]","logger_name":"org.apache.catalina.core.StandardService","thread_name":"main","level":"INFO","level_value":20000}
{"@timestamp":"2026-02-15T10:52:37.069056+03:00","@version":"1","message":"Starting Servlet engine: [Apache Tomcat/10.1.48]","logger_name":"org.apache.catalina.core.StandardEngine","thread_name":"main","level":"INFO","level_value":20000}
{"@timestamp":"2026-02-15T10:52:37.123092+03:00","@version":"1","message":"Initializing Spring embedded WebApplicationContext","logger_name":"org.apache.catalina.core.ContainerBase.[Tomcat].[localhost].[/]","thread_name":"main","level":"INFO","level_value":20000}
{"@timestamp":"2026-02-15T10:52:37.1240925+03:00","@version":"1","message":"Root WebApplicationContext: initialization completed in 1741 ms","logger_name":"org.springframework.boot.web.servlet.context.ServletWebServerApplicationContext","thread_name":"main","level":"INFO","level_value":20000}
{"@timestamp":"2026-02-15T10:52:37.2598051+03:00","@version":"1","message":"HHH000204: Processing PersistenceUnitInfo [name: default]","logger_name":"org.hibernate.jpa.internal.util.LogHelper","thread_name":"main","level":"INFO","level_value":20000}
{"@timestamp":"2026-02-15T10:52:37.3267428+03:00","@version":"1","message":"HHH000412: Hibernate ORM core version 6.6.33.Final","logger_name":"org.hibernate.Version","thread_name":"main","level":"INFO","level_value":20000}
{"@timestamp":"2026-02-15T10:52:37.3607451+03:00","@version":"1","message":"HHH000026: Second-level cache disabled","logger_name":"org.hibernate.cache.internal.RegionFactoryInitiator","thread_name":"main","level":"INFO","level_value":20000}
{"@timestamp":"2026-02-15T10:52:37.6568871+03:00","@version":"1","message":"No LoadTimeWeaver setup: ignoring JPA class transformer","logger_name":"org.springframework.orm.jpa.persistenceunit.SpringPersistenceUnitInfo","thread_name":"main","level":"INFO","level_value":20000}
{"@timestamp":"2026-02-15T10:52:37.6829003+03:00","@version":"1","message":"HikariPool-1 - Starting...","logger_name":"com.zaxxer.hikari.HikariDataSource","thread_name":"main","level":"INFO","level_value":20000}
{"@timestamp":"2026-02-15T10:52:37.8571377+03:00","@version":"1","message":"HikariPool-1 - Added connection org.postgresql.jdbc.PgConnection@703a2bc9","logger_name":"com.zaxxer.hikari.pool.HikariPool","thread_name":"main","level":"INFO","level_value":20000}
{"@timestamp":"2026-02-15T10:52:37.85904+03:00","@version":"1","message":"HikariPool-1 - Start completed.","logger_name":"com.zaxxer.hikari.HikariDataSource","thread_name":"main","level":"INFO","level_value":20000}
{"@timestamp":"2026-02-15T10:52:37.9431797+03:00","@version":"1","message":"HHH90000025: PostgreSQLDialect does not need to be specified explicitly using 'hibernate.dialect' (remove the property setting and it will be selected by default)","logger_name":"org.hibernate.orm.deprecation","thread_name":"main","level":"WARN","level_value":30000}
{"@timestamp":"2026-02-15T10:52:37.9595899+03:00","@version":"1","message":"HHH10001005: Database info:\n\tDatabase JDBC URL [Connecting through datasource 'HikariDataSource (HikariPool-1)']\n\tDatabase driver: undefined/unknown\n\tDatabase version: 15.7\n\tAutocommit mode: undefined/unknown\n\tIsolation level: undefined/unknown\n\tMinimum pool size: undefined/unknown\n\tMaximum pool size: undefined/unknown","logger_name":"org.hibernate.orm.connections.pooling","thread_name":"main","level":"INFO","level_value":20000}
{"@timestamp":"2026-02-15T10:52:38.6783628+03:00","@version":"1","message":"HHH000489: No JTA platform available (set 'hibernate.transaction.jta.platform' to enable JTA platform integration)","logger_name":"org.hibernate.engine.transaction.jta.platform.internal.JtaPlatformInitiator","thread_name":"main","level":"INFO","level_value":20000}
{"@timestamp":"2026-02-15T10:52:38.7799188+03:00","@version":"1","message":"Initialized JPA EntityManagerFactory for persistence unit 'default'","logger_name":"org.springframework.orm.jpa.LocalContainerEntityManagerFactoryBean","thread_name":"main","level":"INFO","level_value":20000}
{"@timestamp":"2026-02-15T10:52:39.5996801+03:00","@version":"1","message":"spring.jpa.open-in-view is enabled by default. Therefore, database queries may be performed during view rendering. Explicitly configure spring.jpa.open-in-view to disable this warning","logger_name":"org.springframework.boot.autoconfigure.orm.jpa.JpaBaseConfiguration$JpaWebConfiguration","thread_name":"main","level":"WARN","level_value":30000}
{"@timestamp":"2026-02-15T10:52:39.7587903+03:00","@version":"1","message":"Global AuthenticationManager configured with UserDetailsService bean with name userDetailsServiceImpl","logger_name":"org.springframework.security.config.annotation.authentication.configuration.InitializeUserDetailsBeanManagerConfigurer$InitializeUserDetailsManagerConfigurer","thread_name":"main","level":"INFO","level_value":20000}
{"@timestamp":"2026-02-15T10:52:40.3356108+03:00","@version":"1","message":"Eureka HTTP Client uses RestTemplate.","logger_name":"org.springframework.cloud.netflix.eureka.config.DiscoveryClientOptionalArgsConfiguration","thread_name":"main","level":"INFO","level_value":20000}
{"@timestamp":"2026-02-15T10:52:40.3816095+03:00","@version":"1","message":"Spring Cloud LoadBalancer is currently working with the default cache. While this cache implementation is useful for development and tests, it's recommended to use Caffeine cache in production.You can switch to using Caffeine cache, by adding it and org.springframework.cache.caffeine.CaffeineCacheManager to the classpath.","logger_name":"org.springframework.cloud.loadbalancer.config.LoadBalancerCacheAutoConfiguration$LoadBalancerCaffeineWarnLogger","thread_name":"main","level":"WARN","level_value":30000}
{"@timestamp":"2026-02-15T10:52:40.4202711+03:00","@version":"1","message":"Setting initial instance status as: STARTING","logger_name":"org.springframework.cloud.netflix.eureka.InstanceInfoFactory","thread_name":"main","level":"INFO","level_value":20000}
{"@timestamp":"2026-02-15T10:52:40.4372303+03:00","@version":"1","message":"Initializing Eureka in region us-east-1","logger_name":"com.netflix.discovery.DiscoveryClient","thread_name":"main","level":"INFO","level_value":20000}
{"@timestamp":"2026-02-15T10:52:40.4412305+03:00","@version":"1","message":"Resolving eureka endpoints via configuration","logger_name":"com.netflix.discovery.shared.resolver.aws.ConfigClusterResolver","thread_name":"main","level":"INFO","level_value":20000}
{"@timestamp":"2026-02-15T10:52:40.4472313+03:00","@version":"1","message":"Disable delta property : false","logger_name":"com.netflix.discovery.DiscoveryClient","thread_name":"main","level":"INFO","level_value":20000}
{"@timestamp":"2026-02-15T10:52:40.4472313+03:00","@version":"1","message":"Single vip registry refresh property : null","logger_name":"com.netflix.discovery.DiscoveryClient","thread_name":"main","level":"INFO","level_value":20000}
{"@timestamp":"2026-02-15T10:52:40.4472313+03:00","@version":"1","message":"Force full registry fetch : false","logger_name":"com.netflix.discovery.DiscoveryClient","thread_name":"main","level":"INFO","level_value":20000}
{"@timestamp":"2026-02-15T10:52:40.4472313+03:00","@version":"1","message":"Application is null : false","logger_name":"com.netflix.discovery.DiscoveryClient","thread_name":"main","level":"INFO","level_value":20000}
{"@timestamp":"2026-02-15T10:52:40.4472313+03:00","@version":"1","message":"Registered Applications size is zero : true","logger_name":"com.netflix.discovery.DiscoveryClient","thread_name":"main","level":"INFO","level_value":20000}
{"@timestamp":"2026-02-15T10:52:40.4472313+03:00","@version":"1","message":"Application version is -1: true","logger_name":"com.netflix.discovery.DiscoveryClient","thread_name":"main","level":"INFO","level_value":20000}
{"@timestamp":"2026-02-15T10:52:40.4472313+03:00","@version":"1","message":"Getting all instance registry info from the eureka server","logger_name":"com.netflix.discovery.DiscoveryClient","thread_name":"main","level":"INFO","level_value":20000}
{"@timestamp":"2026-02-15T10:52:40.7274146+03:00","@version":"1","message":"The response status is 200","logger_name":"com.netflix.discovery.DiscoveryClient","thread_name":"main","level":"INFO","level_value":20000}
{"@timestamp":"2026-02-15T10:52:40.7283738+03:00","@version":"1","message":"Starting heartbeat executor: renew interval is: 30","logger_name":"com.netflix.discovery.DiscoveryClient","thread_name":"main","level":"INFO","level_value":20000}
{"@timestamp":"2026-02-15T10:52:40.7303674+03:00","@version":"1","message":"InstanceInfoReplicator onDemand update allowed rate per min is 4","logger_name":"com.netflix.discovery.InstanceInfoReplicator","thread_name":"main","level":"INFO","level_value":20000}
{"@timestamp":"2026-02-15T10:52:40.7313416+03:00","@version":"1","message":"Discovery Client initialized at timestamp 1771141960731 with initial instances count: 1","logger_name":"com.netflix.discovery.DiscoveryClient","thread_name":"main","level":"INFO","level_value":20000}
{"@timestamp":"2026-02-15T10:52:40.7373579+03:00","@version":"1","message":"Registering application USERS-SERVICE with eureka with status UP","logger_name":"org.springframework.cloud.netflix.eureka.serviceregistry.EurekaServiceRegistry","thread_name":"main","level":"INFO","level_value":20000}
{"@timestamp":"2026-02-15T10:52:40.7373579+03:00","@version":"1","message":"Saw local status change event StatusChangeEvent [timestamp=1771141960737, current=UP, previous=STARTING]","logger_name":"com.netflix.discovery.DiscoveryClient","thread_name":"main","level":"INFO","level_value":20000}
{"@timestamp":"2026-02-15T10:52:40.7383421+03:00","@version":"1","message":"DiscoveryClient_USERS-SERVICE/users-service:c2af7f7e-9c73-483b-a98f-15e6554ec4bc: registering service...","logger_name":"com.netflix.discovery.DiscoveryClient","thread_name":"DiscoveryClient-InstanceInfoReplicator-%d","level":"INFO","level_value":20000}
{"@timestamp":"2026-02-15T10:52:40.7543412+03:00","@version":"1","message":"Tomcat started on port 8080 (http) with context path '/'","logger_name":"org.springframework.boot.web.embedded.tomcat.TomcatWebServer","thread_name":"main","level":"INFO","level_value":20000}
{"@timestamp":"2026-02-15T10:52:40.7553404+03:00","@version":"1","message":"Updating port to 8080","logger_name":"org.springframework.cloud.netflix.eureka.serviceregistry.EurekaAutoServiceRegistration","thread_name":"main","level":"INFO","level_value":20000}
{"@timestamp":"2026-02-15T10:52:40.7653607+03:00","@version":"1","message":"Started UsersServiceApplication in 5.748 seconds (process running for 7.696)","logger_name":"ru.webbyskytracker.usersservice.UsersServiceApplication","thread_name":"main","level":"INFO","level_value":20000}
{"@timestamp":"2026-02-15T10:52:40.7673397+03:00","@version":"1","message":"DiscoveryClient_USERS-SERVICE/users-service:c2af7f7e-9c73-483b-a98f-15e6554ec4bc - registration status: 204","logger_name":"com.netflix.discovery.DiscoveryClient","thread_name":"DiscoveryClient-InstanceInfoReplicator-%d","level":"INFO","level_value":20000}
{"@timestamp":"2026-02-15T10:52:43.3847364+03:00","@version":"1","message":"Unregistering application USERS-SERVICE with eureka with status DOWN","logger_name":"org.springframework.cloud.netflix.eureka.serviceregistry.EurekaServiceRegistry","thread_name":"SpringApplicationShutdownHook","level":"INFO","level_value":20000}
{"@timestamp":"2026-02-15T10:52:43.3847364+03:00","@version":"1","message":"Saw local status change event StatusChangeEvent [timestamp=1771141963384, current=DOWN, previous=UP]","logger_name":"com.netflix.discovery.DiscoveryClient","thread_name":"SpringApplicationShutdownHook","level":"INFO","level_value":20000}
{"@timestamp":"2026-02-15T10:52:43.3857359+03:00","@version":"1","message":"DiscoveryClient_USERS-SERVICE/users-service:c2af7f7e-9c73-483b-a98f-15e6554ec4bc: registering service...","logger_name":"com.netflix.discovery.DiscoveryClient","thread_name":"DiscoveryClient-InstanceInfoReplicator-%d","level":"INFO","level_value":20000}
{"@timestamp":"2026-02-15T10:52:43.3867346+03:00","@version":"1","message":"Commencing graceful shutdown. Waiting for active requests to complete","logger_name":"org.springframework.boot.web.embedded.tomcat.GracefulShutdown","thread_name":"SpringApplicationShutdownHook","level":"INFO","level_value":20000}
{"@timestamp":"2026-02-15T10:52:43.3937345+03:00","@version":"1","message":"Graceful shutdown complete","logger_name":"org.springframework.boot.web.embedded.tomcat.GracefulShutdown","thread_name":"tomcat-shutdown","level":"INFO","level_value":20000}
{"@timestamp":"2026-02-15T10:52:43.4017338+03:00","@version":"1","message":"DiscoveryClient_USERS-SERVICE/users-service:c2af7f7e-9c73-483b-a98f-15e6554ec4bc - registration status: 204","logger_name":"com.netflix.discovery.DiscoveryClient","thread_name":"DiscoveryClient-InstanceInfoReplicator-%d","level":"INFO","level_value":20000}
{"@timestamp":"2026-02-15T10:52:43.4107343+03:00","@version":"1","message":"Closing JPA EntityManagerFactory for persistence unit 'default'","logger_name":"org.springframework.orm.jpa.LocalContainerEntityManagerFactoryBean","thread_name":"SpringApplicationShutdownHook","level":"INFO","level_value":20000}
{"@timestamp":"2026-02-15T10:52:43.4117556+03:00","@version":"1","message":"HikariPool-1 - Shutdown initiated...","logger_name":"com.zaxxer.hikari.HikariDataSource","thread_name":"SpringApplicationShutdownHook","level":"INFO","level_value":20000}
{"@timestamp":"2026-02-15T10:52:43.4137355+03:00","@version":"1","message":"HikariPool-1 - Shutdown completed.","logger_name":"com.zaxxer.hikari.HikariDataSource","thread_name":"SpringApplicationShutdownHook","level":"INFO","level_value":20000}
{"@timestamp":"2026-02-15T10:52:43.4147355+03:00","@version":"1","message":"Shutting down DiscoveryClient ...","logger_name":"com.netflix.discovery.DiscoveryClient","thread_name":"SpringApplicationShutdownHook","level":"INFO","level_value":20000}
{"@timestamp":"2026-02-15T10:52:46.4304736+03:00","@version":"1","message":"Unregistering ...","logger_name":"com.netflix.discovery.DiscoveryClient","thread_name":"SpringApplicationShutdownHook","level":"INFO","level_value":20000}
{"@timestamp":"2026-02-15T10:52:46.4589892+03:00","@version":"1","message":"DiscoveryClient_USERS-SERVICE/users-service:c2af7f7e-9c73-483b-a98f-15e6554ec4bc - deregister  status: 200","logger_name":"com.netflix.discovery.DiscoveryClient","thread_name":"SpringApplicationShutdownHook","level":"INFO","level_value":20000}
{"@timestamp":"2026-02-15T10:52:46.4589892+03:00","@version":"1","message":"Completed shut down of DiscoveryClient","logger_name":"com.netflix.discovery.DiscoveryClient","thread_name":"SpringApplicationShutdownHook","level":"INFO","level_value":20000}
{"@timestamp":"2026-02-15T10:52:49.2088077+03:00","@version":"1","message":"Starting UsersServiceApplication using Java 21.0.8 with PID 21648 (C:\\University\\5_semester\\WebbySkyTracker\\webbysky-tracker-microservices\\users-service\\build\\classes\\java\\main started by User in C:\\University\\5_semester\\WebbySkyTracker\\webbysky-tracker-microservices)","logger_name":"ru.webbyskytracker.usersservice.UsersServiceApplication","thread_name":"main","level":"INFO","level_value":20000}
{"@timestamp":"2026-02-15T10:52:49.2178076+03:00","@version":"1","message":"The following 1 profile is active: \"dev\"","logger_name":"ru.webbyskytracker.usersservice.UsersServiceApplication","thread_name":"main","level":"INFO","level_value":20000}
{"@timestamp":"2026-02-15T10:52:49.8226021+03:00","@version":"1","message":"Multiple Spring Data modules found, entering strict repository configuration mode","logger_name":"org.springframework.data.repository.config.RepositoryConfigurationDelegate","thread_name":"main","level":"INFO","level_value":20000}
{"@timestamp":"2026-02-15T10:52:49.8236025+03:00","@version":"1","message":"Bootstrapping Spring Data JPA repositories in DEFAULT mode.","logger_name":"org.springframework.data.repository.config.RepositoryConfigurationDelegate","thread_name":"main","level":"INFO","level_value":20000}
{"@timestamp":"2026-02-15T10:52:49.9443696+03:00","@version":"1","message":"Finished Spring Data repository scanning in 113 ms. Found 1 JPA repository interface.","logger_name":"org.springframework.data.repository.config.RepositoryConfigurationDelegate","thread_name":"main","level":"INFO","level_value":20000}
{"@timestamp":"2026-02-15T10:52:49.9603578+03:00","@version":"1","message":"Multiple Spring Data modules found, entering strict repository configuration mode","logger_name":"org.springframework.data.repository.config.RepositoryConfigurationDelegate","thread_name":"main","level":"INFO","level_value":20000}
{"@timestamp":"2026-02-15T10:52:49.961358+03:00","@version":"1","message":"Bootstrapping Spring Data Redis repositories in DEFAULT mode.","logger_name":"org.springframework.data.repository.config.RepositoryConfigurationDelegate","thread_name":"main","level":"INFO","level_value":20000}
{"@timestamp":"2026-02-15T10:52:49.9758733+03:00","@version":"1","message":"Spring Data Redis - Could not safely identify store assignment for repository candidate interface ru.webbyskytracker.usersservice.repository.UserRepository; If you want this repository to be a Redis repository, consider annotating your entities with one of these annotations: org.springframework.data.redis.core.RedisHash (preferred), or consider extending one of the following types with your repository: org.springframework.data.keyvalue.repository.KeyValueRepository","logger_name":"org.springframework.data.repository.config.RepositoryConfigurationExtensionSupport","thread_name":"main","level":"INFO","level_value":20000}
{"@timestamp":"2026-02-15T10:52:49.9758733+03:00","@version":"1","message":"Finished Spring Data repository scanning in 6 ms. Found 0 Redis repository interfaces.","logger_name":"org.springframework.data.repository.config.RepositoryConfigurationDelegate","thread_name":"main","level":"INFO","level_value":20000}
{"@timestamp":"2026-02-15T10:52:50.2125566+03:00","@version":"1","message":"BeanFactory id=4a9f9b72-a8c3-3dbf-b331-d0781c74a5b1","logger_name":"org.springframework.cloud.context.scope.GenericScope","thread_name":"main","level":"INFO","level_value":20000}
{"@timestamp":"2026-02-15T10:52:50.6418612+03:00","@version":"1","message":"Tomcat initialized with port 8080 (http)","logger_name":"org.springframework.boot.web.embedded.tomcat.TomcatWebServer","thread_name":"main","level":"INFO","level_value":20000}
{"@timestamp":"2026-02-15T10:52:50.651874+03:00","@version":"1","message":"Starting service [Tomcat]","logger_name":"org.apache.catalina.core.StandardService","thread_name":"main","level":"INFO","level_value":20000}
{"@timestamp":"2026-02-15T10:52:50.651874+03:00","@version":"1","message":"Starting Servlet engine: [Apache Tomcat/10.1.48]","logger_name":"org.apache.catalina.core.StandardEngine","thread_name":"main","level":"INFO","level_value":20000}
{"@timestamp":"2026-02-15T10:52:50.7028756+03:00","@version":"1","message":"Initializing Spring embedded WebApplicationContext","logger_name":"org.apache.catalina.core.ContainerBase.[Tomcat].[localhost].[/]","thread_name":"main","level":"INFO","level_value":20000}
{"@timestamp":"2026-02-15T10:52:50.7028756+03:00","@version":"1","message":"Root WebApplicationContext: initialization completed in 1457 ms","logger_name":"org.springframework.boot.web.servlet.context.ServletWebServerApplicationContext","thread_name":"main","level":"INFO","level_value":20000}
{"@timestamp":"2026-02-15T10:52:50.8288623+03:00","@version":"1","message":"HHH000204: Processing PersistenceUnitInfo [name: default]","logger_name":"org.hibernate.jpa.internal.util.LogHelper","thread_name":"main","level":"INFO","level_value":20000}
{"@timestamp":"2026-02-15T10:52:50.8712547+03:00","@version":"1","message":"HHH000412: Hibernate ORM core version 6.6.33.Final","logger_name":"org.hibernate.Version","thread_name":"main","level":"INFO","level_value":20000}
{"@timestamp":"2026-02-15T10:52:50.8964016+03:00","@version":"1","message":"HHH000026: Second-level cache disabled","logger_name":"org.hibernate.cache.internal.RegionFactoryInitiator","thread_name":"main","level":"INFO","level_value":20000}
{"@timestamp":"2026-02-15T10:52:51.1066685+03:00","@version":"1","message":"No LoadTimeWeaver setup: ignoring JPA class transformer","logger_name":"org.springframework.orm.jpa.persistenceunit.SpringPersistenceUnitInfo","thread_name":"main","level":"INFO","level_value":20000}
{"@timestamp":"2026-02-15T10:52:51.1326694+03:00","@version":"1","message":"HikariPool-1 - Starting...","logger_name":"com.zaxxer.hikari.HikariDataSource","thread_name":"main","level":"INFO","level_value":20000}
{"@timestamp":"2026-02-15T10:52:51.2523727+03:00","@version":"1","message":"HikariPool-1 - Added connection org.postgresql.jdbc.PgConnection@511a307e","logger_name":"com.zaxxer.hikari.pool.HikariPool","thread_name":"main","level":"INFO","level_value":20000}
{"@timestamp":"2026-02-15T10:52:51.2543709+03:00","@version":"1","message":"HikariPool-1 - Start completed.","logger_name":"com.zaxxer.hikari.HikariDataSource","thread_name":"main","level":"INFO","level_value":20000}
{"@timestamp":"2026-02-15T10:52:51.2803728+03:00","@version":"1","message":"HHH90000025: PostgreSQLDialect does not need to be specified explicitly using 'hibernate.dialect' (remove the property setting and it will be selected by default)","logger_name":"org.hibernate.orm.deprecation","thread_name":"main","level":"WARN","level_value":30000}
{"@timestamp":"2026-02-15T10:52:51.2933729+03:00","@version":"1","message":"HHH10001005: Database info:\n\tDatabase JDBC URL [Connecting through datasource 'HikariDataSource (HikariPool-1)']\n\tDatabase driver: undefined/unknown\n\tDatabase version: 15.7\n\tAutocommit mode: undefined/unknown\n\tIsolation level: undefined/unknown\n\tMinimum pool size: undefined/unknown\n\tMaximum pool size: undefined/unknown","logger_name":"org.hibernate.orm.connections.pooling","thread_name":"main","level":"INFO","level_value":20000}
{"@timestamp":"2026-02-15T10:52:51.99658+03:00","@version":"1","message":"HHH000489: No JTA platform available (set 'hibernate.transaction.jta.platform' to enable JTA platform integration)","logger_name":"org.hibernate.engine.transaction.jta.platform.internal.JtaPlatformInitiator","thread_name":"main","level":"INFO","level_value":20000}
{"@timestamp":"2026-02-15T10:52:52.0372635+03:00","@version":"1","message":"Initialized JPA EntityManagerFactory for persistence unit 'default'","logger_name":"org.springframework.orm.jpa.LocalContainerEntityManagerFactoryBean","thread_name":"main","level":"INFO","level_value":20000}
{"@timestamp":"2026-02-15T10:52:52.7753358+03:00","@version":"1","message":"spring.jpa.open-in-view is enabled by default. Therefore, database queries may be performed during view rendering. Explicitly configure spring.jpa.open-in-view to disable this warning","logger_name":"org.springframework.boot.autoconfigure.orm.jpa.JpaBaseConfiguration$JpaWebConfiguration","thread_name":"main","level":"WARN","level_value":30000}
{"@timestamp":"2026-02-15T10:52:52.9235456+03:00","@version":"1","message":"Global AuthenticationManager configured with UserDetailsService bean with name userDetailsServiceImpl","logger_name":"org.springframework.security.config.annotation.authentication.configuration.InitializeUserDetailsBeanManagerConfigurer$InitializeUserDetailsManagerConfigurer","thread_name":"main","level":"INFO","level_value":20000}
{"@timestamp":"2026-02-15T10:52:53.4918621+03:00","@version":"1","message":"Eureka HTTP Client uses RestTemplate.","logger_name":"org.springframework.cloud.netflix.eureka.config.DiscoveryClientOptionalArgsConfiguration","thread_name":"main","level":"INFO","level_value":20000}
{"@timestamp":"2026-02-15T10:52:53.5418633+03:00","@version":"1","message":"Spring Cloud LoadBalancer is currently working with the default cache. While this cache implementation is useful for development and tests, it's recommended to use Caffeine cache in production.You can switch to using Caffeine cache, by adding it and org.springframework.cache.caffeine.CaffeineCacheManager to the classpath.","logger_name":"org.springframework.cloud.loadbalancer.config.LoadBalancerCacheAutoConfiguration$LoadBalancerCaffeineWarnLogger","thread_name":"main","level":"WARN","level_value":30000}
{"@timestamp":"2026-02-15T10:52:53.5835689+03:00","@version":"1","message":"Setting initial instance status as: STARTING","logger_name":"org.springframework.cloud.netflix.eureka.InstanceInfoFactory","thread_name":"main","level":"INFO","level_value":20000}
{"@timestamp":"2026-02-15T10:52:53.6016024+03:00","@version":"1","message":"Initializing Eureka in region us-east-1","logger_name":"com.netflix.discovery.DiscoveryClient","thread_name":"main","level":"INFO","level_value":20000}
{"@timestamp":"2026-02-15T10:52:53.6045691+03:00","@version":"1","message":"Resolving eureka endpoints via configuration","logger_name":"com.netflix.discovery.shared.resolver.aws.ConfigClusterResolver","thread_name":"main","level":"INFO","level_value":20000}
{"@timestamp":"2026-02-15T10:52:53.6115681+03:00","@version":"1","message":"Disable delta property : false","logger_name":"com.netflix.discovery.DiscoveryClient","thread_name":"main","level":"INFO","level_value":20000}
{"@timestamp":"2026-02-15T10:52:53.6115681+03:00","@version":"1","message":"Single vip registry refresh property : null","logger_name":"com.netflix.discovery.DiscoveryClient","thread_name":"main","level":"INFO","level_value":20000}
{"@timestamp":"2026-02-15T10:52:53.6125675+03:00","@version":"1","message":"Force full registry fetch : false","logger_name":"com.netflix.discovery.DiscoveryClient","thread_name":"main","level":"INFO","level_value":20000}
{"@timestamp":"2026-02-15T10:52:53.6125675+03:00","@version":"1","message":"Application is null : false","logger_name":"com.netflix.discovery.DiscoveryClient","thread_name":"main","level":"INFO","level_value":20000}
{"@timestamp":"2026-02-15T10:52:53.6125675+03:00","@version":"1","message":"Registered Applications size is zero : true","logger_name":"com.netflix.discovery.DiscoveryClient","thread_name":"main","level":"INFO","level_value":20000}
{"@timestamp":"2026-02-15T10:52:53.6125675+03:00","@version":"1","message":"Application version is -1: true","logger_name":"com.netflix.discovery.DiscoveryClient","thread_name":"main","level":"INFO","level_value":20000}
{"@timestamp":"2026-02-15T10:52:53.6125675+03:00","@version":"1","message":"Getting all instance registry info from the eureka server","logger_name":"com.netflix.discovery.DiscoveryClient","thread_name":"main","level":"INFO","level_value":20000}
{"@timestamp":"2026-02-15T10:52:53.8978157+03:00","@version":"1","message":"The response status is 200","logger_name":"com.netflix.discovery.DiscoveryClient","thread_name":"main","level":"INFO","level_value":20000}
{"@timestamp":"2026-02-15T10:52:53.8998161+03:00","@version":"1","message":"Starting heartbeat executor: renew interval is: 30","logger_name":"com.netflix.discovery.DiscoveryClient","thread_name":"main","level":"INFO","level_value":20000}
{"@timestamp":"2026-02-15T10:52:53.9018158+03:00","@version":"1","message":"InstanceInfoReplicator onDemand update allowed rate per min is 4","logger_name":"com.netflix.discovery.InstanceInfoReplicator","thread_name":"main","level":"INFO","level_value":20000}
{"@timestamp":"2026-02-15T10:52:53.9028148+03:00","@version":"1","message":"Discovery Client initialized at timestamp 1771141973902 with initial instances count: 1","logger_name":"com.netflix.discovery.DiscoveryClient","thread_name":"main","level":"INFO","level_value":20000}
{"@timestamp":"2026-02-15T10:52:53.9078149+03:00","@version":"1","message":"Registering application USERS-SERVICE with eureka with status UP","logger_name":"org.springframework.cloud.netflix.eureka.serviceregistry.EurekaServiceRegistry","thread_name":"main","level":"INFO","level_value":20000}
{"@timestamp":"2026-02-15T10:52:53.9088143+03:00","@version":"1","message":"Saw local status change event StatusChangeEvent [timestamp=1771141973908, current=UP, previous=STARTING]","logger_name":"com.netflix.discovery.DiscoveryClient","thread_name":"main","level":"INFO","level_value":20000}
{"@timestamp":"2026-02-15T10:52:53.909814+03:00","@version":"1","message":"DiscoveryClient_USERS-SERVICE/users-service:069ea016-10cb-4257-82f1-414be9fae9e9: registering service...","logger_name":"com.netflix.discovery.DiscoveryClient","thread_name":"DiscoveryClient-InstanceInfoReplicator-%d","level":"INFO","level_value":20000}
{"@timestamp":"2026-02-15T10:52:53.9248156+03:00","@version":"1","message":"Tomcat started on port 8080 (http) with context path '/'","logger_name":"org.springframework.boot.web.embedded.tomcat.TomcatWebServer","thread_name":"main","level":"INFO","level_value":20000}
{"@timestamp":"2026-02-15T10:52:53.9258155+03:00","@version":"1","message":"Updating port to 8080","logger_name":"org.springframework.cloud.netflix.eureka.serviceregistry.EurekaAutoServiceRegistration","thread_name":"main","level":"INFO","level_value":20000}
{"@timestamp":"2026-02-15T10:52:53.9368145+03:00","@version":"1","message":"Started UsersServiceApplication in 5.045 seconds (process running for 6.012)","logger_name":"ru.webbyskytracker.usersservice.UsersServiceApplication","thread_name":"main","level":"INFO","level_value":20000}
{"@timestamp":"2026-02-15T10:52:53.9398148+03:00","@version":"1","message":"DiscoveryClient_USERS-SERVICE/users-service:069ea016-10cb-4257-82f1-414be9fae9e9 - registration status: 204","logger_name":"com.netflix.discovery.DiscoveryClient","thread_name":"DiscoveryClient-InstanceInfoReplicator-%d","level":"INFO","level_value":20000}
{"@timestamp":"2026-02-15T10:57:53.6165761+03:00","@version":"1","message":"Resolving eureka endpoints via configuration","logger_name":"com.netflix.discovery.shared.resolver.aws.ConfigClusterResolver","thread_name":"AsyncResolver-bootstrap-executor-%d","level":"INFO","level_value":20000}
{"@timestamp":"2026-02-15T11:02:53.6297415+03:00","@version":"1","message":"Resolving eureka endpoints via configuration","logger_name":"com.netflix.discovery.shared.resolver.aws.ConfigClusterResolver","thread_name":"AsyncResolver-bootstrap-executor-%d","level":"INFO","level_value":20000}
{"@timestamp":"2026-02-15T11:07:53.6313125+03:00","@version":"1","message":"Resolving eureka endpoints via configuration","logger_name":"com.netflix.discovery.shared.resolver.aws.ConfigClusterResolver","thread_name":"AsyncResolver-bootstrap-executor-%d","level":"INFO","level_value":20000}
{"@timestamp":"2026-02-15T11:12:53.6417635+03:00","@version":"1","message":"Resolving eureka endpoints via configuration","logger_name":"com.netflix.discovery.shared.resolver.aws.ConfigClusterResolver","thread_name":"AsyncResolver-bootstrap-executor-%d","level":"INFO","level_value":20000}
{"@timestamp":"2026-02-15T11:14:58.3140595+03:00","@version":"1","message":"Unregistering application USERS-SERVICE with eureka with status DOWN","logger_name":"org.springframework.cloud.netflix.eureka.serviceregistry.EurekaServiceRegistry","thread_name":"SpringApplicationShutdownHook","level":"INFO","level_value":20000}
{"@timestamp":"2026-02-15T11:14:58.3150593+03:00","@version":"1","message":"Saw local status change event StatusChangeEvent [timestamp=1771143298315, current=DOWN, previous=UP]","logger_name":"com.netflix.discovery.DiscoveryClient","thread_name":"SpringApplicationShutdownHook","level":"INFO","level_value":20000}
{"@timestamp":"2026-02-15T11:14:58.3150593+03:00","@version":"1","message":"DiscoveryClient_USERS-SERVICE/users-service:069ea016-10cb-4257-82f1-414be9fae9e9: registering service...","logger_name":"com.netflix.discovery.DiscoveryClient","thread_name":"DiscoveryClient-InstanceInfoReplicator-%d","level":"INFO","level_value":20000}
{"@timestamp":"2026-02-15T11:14:58.3170587+03:00","@version":"1","message":"Commencing graceful shutdown. Waiting for active requests to complete","logger_name":"org.springframework.boot.web.embedded.tomcat.GracefulShutdown","thread_name":"SpringApplicationShutdownHook","level":"INFO","level_value":20000}
{"@timestamp":"2026-02-15T11:14:58.3240603+03:00","@version":"1","message":"Graceful shutdown complete","logger_name":"org.springframework.boot.web.embedded.tomcat.GracefulShutdown","thread_name":"tomcat-shutdown","level":"INFO","level_value":20000}
{"@timestamp":"2026-02-15T11:14:58.3350593+03:00","@version":"1","message":"DiscoveryClient_USERS-SERVICE/users-service:069ea016-10cb-4257-82f1-414be9fae9e9 - registration status: 204","logger_name":"com.netflix.discovery.DiscoveryClient","thread_name":"DiscoveryClient-InstanceInfoReplicator-%d","level":"INFO","level_value":20000}
{"@timestamp":"2026-02-15T11:14:58.341059+03:00","@version":"1","message":"Closing JPA EntityManagerFactory for persistence unit 'default'","logger_name":"org.springframework.orm.jpa.LocalContainerEntityManagerFactoryBean","thread_name":"SpringApplicationShutdownHook","level":"INFO","level_value":20000}
{"@timestamp":"2026-02-15T11:14:58.3420603+03:00","@version":"1","message":"HikariPool-1 - Shutdown initiated...","logger_name":"com.zaxxer.hikari.HikariDataSource","thread_name":"SpringApplicationShutdownHook","level":"INFO","level_value":20000}
{"@timestamp":"2026-02-15T11:14:58.3440602+03:00","@version":"1","message":"HikariPool-1 - Shutdown completed.","logger_name":"com.zaxxer.hikari.HikariDataSource","thread_name":"SpringApplicationShutdownHook","level":"INFO","level_value":20000}
{"@timestamp":"2026-02-15T11:14:58.3440602+03:00","@version":"1","message":"Shutting down DiscoveryClient ...","logger_name":"com.netflix.discovery.DiscoveryClient","thread_name":"SpringApplicationShutdownHook","level":"INFO","level_value":20000}
{"@timestamp":"2026-02-15T11:15:01.3562727+03:00","@version":"1","message":"Unregistering ...","logger_name":"com.netflix.discovery.DiscoveryClient","thread_name":"SpringApplicationShutdownHook","level":"INFO","level_value":20000}
{"@timestamp":"2026-02-15T11:15:01.3727189+03:00","@version":"1","message":"DiscoveryClient_USERS-SERVICE/users-service:069ea016-10cb-4257-82f1-414be9fae9e9 - deregister  status: 200","logger_name":"com.netflix.discovery.DiscoveryClient","thread_name":"SpringApplicationShutdownHook","level":"INFO","level_value":20000}
{"@timestamp":"2026-02-15T11:15:01.3732463+03:00","@version":"1","message":"Completed shut down of DiscoveryClient","logger_name":"com.netflix.discovery.DiscoveryClient","thread_name":"SpringApplicationShutdownHook","level":"INFO","level_value":20000}
{"@timestamp":"2026-02-15T11:15:06.9882166+03:00","@version":"1","message":"Starting UsersServiceApplication using Java 21.0.8 with PID 12736 (C:\\University\\5_semester\\WebbySkyTracker\\webbysky-tracker-microservices\\users-service\\build\\classes\\java\\main started by User in C:\\University\\5_semester\\WebbySkyTracker\\webbysky-tracker-microservices)","logger_name":"ru.webbyskytracker.usersservice.UsersServiceApplication","thread_name":"main","level":"INFO","level_value":20000}
{"@timestamp":"2026-02-15T11:15:06.9971621+03:00","@version":"1","message":"The following 1 profile is active: \"dev\"","logger_name":"ru.webbyskytracker.usersservice.UsersServiceApplication","thread_name":"main","level":"INFO","level_value":20000}
{"@timestamp":"2026-02-15T11:15:07.6612325+03:00","@version":"1","message":"Multiple Spring Data modules found, entering strict repository configuration mode","logger_name":"org.springframework.data.repository.config.RepositoryConfigurationDelegate","thread_name":"main","level":"INFO","level_value":20000}
{"@timestamp":"2026-02-15T11:15:07.6632322+03:00","@version":"1","message":"Bootstrapping Spring Data JPA repositories in DEFAULT mode.","logger_name":"org.springframework.data.repository.config.RepositoryConfigurationDelegate","thread_name":"main","level":"INFO","level_value":20000}
{"@timestamp":"2026-02-15T11:15:07.7997372+03:00","@version":"1","message":"Finished Spring Data repository scanning in 128 ms. Found 2 JPA repository interfaces.","logger_name":"org.springframework.data.repository.config.RepositoryConfigurationDelegate","thread_name":"main","level":"INFO","level_value":20000}
{"@timestamp":"2026-02-15T11:15:07.8153644+03:00","@version":"1","message":"Multiple Spring Data modules found, entering strict repository configuration mode","logger_name":"org.springframework.data.repository.config.RepositoryConfigurationDelegate","thread_name":"main","level":"INFO","level_value":20000}
{"@timestamp":"2026-02-15T11:15:07.8163633+03:00","@version":"1","message":"Bootstrapping Spring Data Redis repositories in DEFAULT mode.","logger_name":"org.springframework.data.repository.config.RepositoryConfigurationDelegate","thread_name":"main","level":"INFO","level_value":20000}
{"@timestamp":"2026-02-15T11:15:07.8303868+03:00","@version":"1","message":"Spring Data Redis - Could not safely identify store assignment for repository candidate interface ru.webbyskytracker.usersservice.repository.TaskRepository; If you want this repository to be a Redis repository, consider annotating your entities with one of these annotations: org.springframework.data.redis.core.RedisHash (preferred), or consider extending one of the following types with your repository: org.springframework.data.keyvalue.repository.KeyValueRepository","logger_name":"org.springframework.data.repository.config.RepositoryConfigurationExtensionSupport","thread_name":"main","level":"INFO","level_value":20000}
{"@timestamp":"2026-02-15T11:15:07.8303868+03:00","@version":"1","message":"Spring Data Redis - Could not safely identify store assignment for repository candidate interface ru.webbyskytracker.usersservice.repository.UserRepository; If you want this repository to be a Redis repository, consider annotating your entities with one of these annotations: org.springframework.data.redis.core.RedisHash (preferred), or consider extending one of the following types with your repository: org.springframework.data.keyvalue.repository.KeyValueRepository","logger_name":"org.springframework.data.repository.config.RepositoryConfigurationExtensionSupport","thread_name":"main","level":"INFO","level_value":20000}
{"@timestamp":"2026-02-15T11:15:07.8313652+03:00","@version":"1","message":"Finished Spring Data repository scanning in 6 ms. Found 0 Redis repository interfaces.","logger_name":"org.springframework.data.repository.config.RepositoryConfigurationDelegate","thread_name":"main","level":"INFO","level_value":20000}
{"@timestamp":"2026-02-15T11:15:08.0636565+03:00","@version":"1","message":"BeanFactory id=4266be89-94c0-32b6-9f22-2c01dff63143","logger_name":"org.springframework.cloud.context.scope.GenericScope","thread_name":"main","level":"INFO","level_value":20000}
{"@timestamp":"2026-02-15T11:15:08.5226069+03:00","@version":"1","message":"Tomcat initialized with port 8080 (http)","logger_name":"org.springframework.boot.web.embedded.tomcat.TomcatWebServer","thread_name":"main","level":"INFO","level_value":20000}
{"@timestamp":"2026-02-15T11:15:08.5346019+03:00","@version":"1","message":"Starting service [Tomcat]","logger_name":"org.apache.catalina.core.StandardService","thread_name":"main","level":"INFO","level_value":20000}
{"@timestamp":"2026-02-15T11:15:08.5356024+03:00","@version":"1","message":"Starting Servlet engine: [Apache Tomcat/10.1.48]","logger_name":"org.apache.catalina.core.StandardEngine","thread_name":"main","level":"INFO","level_value":20000}
{"@timestamp":"2026-02-15T11:15:08.5956165+03:00","@version":"1","message":"Initializing Spring embedded WebApplicationContext","logger_name":"org.apache.catalina.core.ContainerBase.[Tomcat].[localhost].[/]","thread_name":"main","level":"INFO","level_value":20000}
{"@timestamp":"2026-02-15T11:15:08.5966016+03:00","@version":"1","message":"Root WebApplicationContext: initialization completed in 1566 ms","logger_name":"org.springframework.boot.web.servlet.context.ServletWebServerApplicationContext","thread_name":"main","level":"INFO","level_value":20000}
{"@timestamp":"2026-02-15T11:15:08.754328+03:00","@version":"1","message":"HHH000204: Processing PersistenceUnitInfo [name: default]","logger_name":"org.hibernate.jpa.internal.util.LogHelper","thread_name":"main","level":"INFO","level_value":20000}
{"@timestamp":"2026-02-15T11:15:08.8254754+03:00","@version":"1","message":"HHH000412: Hibernate ORM core version 6.6.33.Final","logger_name":"org.hibernate.Version","thread_name":"main","level":"INFO","level_value":20000}
{"@timestamp":"2026-02-15T11:15:08.8671659+03:00","@version":"1","message":"HHH000026: Second-level cache disabled","logger_name":"org.hibernate.cache.internal.RegionFactoryInitiator","thread_name":"main","level":"INFO","level_value":20000}
{"@timestamp":"2026-02-15T11:15:09.1921253+03:00","@version":"1","message":"No LoadTimeWeaver setup: ignoring JPA class transformer","logger_name":"org.springframework.orm.jpa.persistenceunit.SpringPersistenceUnitInfo","thread_name":"main","level":"INFO","level_value":20000}
{"@timestamp":"2026-02-15T11:15:09.2209981+03:00","@version":"1","message":"HikariPool-1 - Starting...","logger_name":"com.zaxxer.hikari.HikariDataSource","thread_name":"main","level":"INFO","level_value":20000}
{"@timestamp":"2026-02-15T11:15:09.3712649+03:00","@version":"1","message":"HikariPool-1 - Added connection org.postgresql.jdbc.PgConnection@1a7437d8","logger_name":"com.zaxxer.hikari.pool.HikariPool","thread_name":"main","level":"INFO","level_value":20000}
{"@timestamp":"2026-02-15T11:15:09.3728147+03:00","@version":"1","message":"HikariPool-1 - Start completed.","logger_name":"com.zaxxer.hikari.HikariDataSource","thread_name":"main","level":"INFO","level_value":20000}
{"@timestamp":"2026-02-15T11:15:09.4103451+03:00","@version":"1","message":"HHH90000025: PostgreSQLDialect does not need to be specified explicitly using 'hibernate.dialect' (remove the property setting and it will be selected by default)","logger_name":"org.hibernate.orm.deprecation","thread_name":"main","level":"WARN","level_value":30000}
{"@timestamp":"2026-02-15T11:15:09.4268054+03:00","@version":"1","message":"HHH10001005: Database info:\n\tDatabase JDBC URL [Connecting through datasource 'HikariDataSource (HikariPool-1)']\n\tDatabase driver: undefined/unknown\n\tDatabase version: 15.7\n\tAutocommit mode: undefined/unknown\n\tIsolation level: undefined/unknown\n\tMinimum pool size: undefined/unknown\n\tMaximum pool size: undefined/unknown","logger_name":"org.hibernate.orm.connections.pooling","thread_name":"main","level":"INFO","level_value":20000}
{"@timestamp":"2026-02-15T11:15:10.2493561+03:00","@version":"1","message":"HHH000489: No JTA platform available (set 'hibernate.transaction.jta.platform' to enable JTA platform integration)","logger_name":"org.hibernate.engine.transaction.jta.platform.internal.JtaPlatformInitiator","thread_name":"main","level":"INFO","level_value":20000}
{"@timestamp":"2026-02-15T11:15:10.3439245+03:00","@version":"1","message":"Initialized JPA EntityManagerFactory for persistence unit 'default'","logger_name":"org.springframework.orm.jpa.LocalContainerEntityManagerFactoryBean","thread_name":"main","level":"INFO","level_value":20000}
{"@timestamp":"2026-02-15T11:15:11.1922806+03:00","@version":"1","message":"Hibernate is in classpath; If applicable, HQL parser will be used.","logger_name":"org.springframework.data.jpa.repository.query.QueryEnhancerFactory","thread_name":"main","level":"INFO","level_value":20000}
{"@timestamp":"2026-02-15T11:15:11.7378897+03:00","@version":"1","message":"spring.jpa.open-in-view is enabled by default. Therefore, database queries may be performed during view rendering. Explicitly configure spring.jpa.open-in-view to disable this warning","logger_name":"org.springframework.boot.autoconfigure.orm.jpa.JpaBaseConfiguration$JpaWebConfiguration","thread_name":"main","level":"WARN","level_value":30000}
{"@timestamp":"2026-02-15T11:15:11.9111317+03:00","@version":"1","message":"Global AuthenticationManager configured with UserDetailsService bean with name userDetailsServiceImpl","logger_name":"org.springframework.security.config.annotation.authentication.configuration.InitializeUserDetailsBeanManagerConfigurer$InitializeUserDetailsManagerConfigurer","thread_name":"main","level":"INFO","level_value":20000}
{"@timestamp":"2026-02-15T11:15:12.5434481+03:00","@version":"1","message":"Eureka HTTP Client uses RestTemplate.","logger_name":"org.springframework.cloud.netflix.eureka.config.DiscoveryClientOptionalArgsConfiguration","thread_name":"main","level":"INFO","level_value":20000}
{"@timestamp":"2026-02-15T11:15:12.5894505+03:00","@version":"1","message":"Spring Cloud LoadBalancer is currently working with the default cache. While this cache implementation is useful for development and tests, it's recommended to use Caffeine cache in production.You can switch to using Caffeine cache, by adding it and org.springframework.cache.caffeine.CaffeineCacheManager to the classpath.","logger_name":"org.springframework.cloud.loadbalancer.config.LoadBalancerCacheAutoConfiguration$LoadBalancerCaffeineWarnLogger","thread_name":"main","level":"WARN","level_value":30000}
{"@timestamp":"2026-02-15T11:15:12.6274486+03:00","@version":"1","message":"Setting initial instance status as: STARTING","logger_name":"org.springframework.cloud.netflix.eureka.InstanceInfoFactory","thread_name":"main","level":"INFO","level_value":20000}
{"@timestamp":"2026-02-15T11:15:12.6464495+03:00","@version":"1","message":"Initializing Eureka in region us-east-1","logger_name":"com.netflix.discovery.DiscoveryClient","thread_name":"main","level":"INFO","level_value":20000}
{"@timestamp":"2026-02-15T11:15:12.6494499+03:00","@version":"1","message":"Resolving eureka endpoints via configuration","logger_name":"com.netflix.discovery.shared.resolver.aws.ConfigClusterResolver","thread_name":"main","level":"INFO","level_value":20000}
{"@timestamp":"2026-02-15T11:15:12.6560775+03:00","@version":"1","message":"Disable delta property : false","logger_name":"com.netflix.discovery.DiscoveryClient","thread_name":"main","level":"INFO","level_value":20000}
{"@timestamp":"2026-02-15T11:15:12.6560775+03:00","@version":"1","message":"Single vip registry refresh property : null","logger_name":"com.netflix.discovery.DiscoveryClient","thread_name":"main","level":"INFO","level_value":20000}
{"@timestamp":"2026-02-15T11:15:12.6560775+03:00","@version":"1","message":"Force full registry fetch : false","logger_name":"com.netflix.discovery.DiscoveryClient","thread_name":"main","level":"INFO","level_value":20000}
{"@timestamp":"2026-02-15T11:15:12.6560775+03:00","@version":"1","message":"Application is null : false","logger_name":"com.netflix.discovery.DiscoveryClient","thread_name":"main","level":"INFO","level_value":20000}
{"@timestamp":"2026-02-15T11:15:12.6560775+03:00","@version":"1","message":"Registered Applications size is zero : true","logger_name":"com.netflix.discovery.DiscoveryClient","thread_name":"main","level":"INFO","level_value":20000}
{"@timestamp":"2026-02-15T11:15:12.6560775+03:00","@version":"1","message":"Application version is -1: true","logger_name":"com.netflix.discovery.DiscoveryClient","thread_name":"main","level":"INFO","level_value":20000}
{"@timestamp":"2026-02-15T11:15:12.6560775+03:00","@version":"1","message":"Getting all instance registry info from the eureka server","logger_name":"com.netflix.discovery.DiscoveryClient","thread_name":"main","level":"INFO","level_value":20000}
{"@timestamp":"2026-02-15T11:15:12.9880387+03:00","@version":"1","message":"The response status is 200","logger_name":"com.netflix.discovery.DiscoveryClient","thread_name":"main","level":"INFO","level_value":20000}
{"@timestamp":"2026-02-15T11:15:12.9890387+03:00","@version":"1","message":"Starting heartbeat executor: renew interval is: 30","logger_name":"com.netflix.discovery.DiscoveryClient","thread_name":"main","level":"INFO","level_value":20000}
{"@timestamp":"2026-02-15T11:15:12.9910405+03:00","@version":"1","message":"InstanceInfoReplicator onDemand update allowed rate per min is 4","logger_name":"com.netflix.discovery.InstanceInfoReplicator","thread_name":"main","level":"INFO","level_value":20000}
{"@timestamp":"2026-02-15T11:15:12.9920405+03:00","@version":"1","message":"Discovery Client initialized at timestamp 1771143312991 with initial instances count: 2","logger_name":"com.netflix.discovery.DiscoveryClient","thread_name":"main","level":"INFO","level_value":20000}
{"@timestamp":"2026-02-15T11:15:12.9970402+03:00","@version":"1","message":"Registering application USERS-SERVICE with eureka with status UP","logger_name":"org.springframework.cloud.netflix.eureka.serviceregistry.EurekaServiceRegistry","thread_name":"main","level":"INFO","level_value":20000}
{"@timestamp":"2026-02-15T11:15:12.9980396+03:00","@version":"1","message":"Saw local status change event StatusChangeEvent [timestamp=1771143312998, current=UP, previous=STARTING]","logger_name":"com.netflix.discovery.DiscoveryClient","thread_name":"main","level":"INFO","level_value":20000}
{"@timestamp":"2026-02-15T11:15:12.9990406+03:00","@version":"1","message":"DiscoveryClient_USERS-SERVICE/users-service:aeb1b3ae-8c76-46a6-9799-29a8331ed62f: registering service...","logger_name":"com.netflix.discovery.DiscoveryClient","thread_name":"DiscoveryClient-InstanceInfoReplicator-%d","level":"INFO","level_value":20000}
{"@timestamp":"2026-02-15T11:15:13.0140403+03:00","@version":"1","message":"Tomcat started on port 8080 (http) with context path '/'","logger_name":"org.springframework.boot.web.embedded.tomcat.TomcatWebServer","thread_name":"main","level":"INFO","level_value":20000}
{"@timestamp":"2026-02-15T11:15:13.0150391+03:00","@version":"1","message":"Updating port to 8080","logger_name":"org.springframework.cloud.netflix.eureka.serviceregistry.EurekaAutoServiceRegistration","thread_name":"main","level":"INFO","level_value":20000}
{"@timestamp":"2026-02-15T11:15:13.0240395+03:00","@version":"1","message":"Started UsersServiceApplication in 6.441 seconds (process running for 7.591)","logger_name":"ru.webbyskytracker.usersservice.UsersServiceApplication","thread_name":"main","level":"INFO","level_value":20000}
{"@timestamp":"2026-02-15T11:15:13.0250397+03:00","@version":"1","message":"DiscoveryClient_USERS-SERVICE/users-service:aeb1b3ae-8c76-46a6-9799-29a8331ed62f - registration status: 204","logger_name":"com.netflix.discovery.DiscoveryClient","thread_name":"DiscoveryClient-InstanceInfoReplicator-%d","level":"INFO","level_value":20000}
{"@timestamp":"2026-02-15T11:17:36.7162955+03:00","@version":"1","message":"Initializing Spring DispatcherServlet 'dispatcherServlet'","logger_name":"org.apache.catalina.core.ContainerBase.[Tomcat].[localhost].[/]","thread_name":"http-nio-8080-exec-3","level":"INFO","level_value":20000}
{"@timestamp":"2026-02-15T11:17:36.7162955+03:00","@version":"1","message":"Initializing Servlet 'dispatcherServlet'","logger_name":"org.springframework.web.servlet.DispatcherServlet","thread_name":"http-nio-8080-exec-3","level":"INFO","level_value":20000}
{"@timestamp":"2026-02-15T11:17:36.7172813+03:00","@version":"1","message":"Completed initialization in 1 ms","logger_name":"org.springframework.web.servlet.DispatcherServlet","thread_name":"http-nio-8080-exec-3","level":"INFO","level_value":20000}
{"@timestamp":"2026-02-15T11:17:36.8520381+03:00","@version":"1","message":"NEW REQUEST: IP: 0:0:0:0:0:0:0:1, URL: http://localhost:8080/api/v1/auth/login, HTTP_METHOD: POST, CONTROLLER_METHOD: ru.webbyskytracker.usersservice.controller.AuthController.login","logger_name":"ru.webbyskytracker.usersservice.aspect.LoggingAspect","thread_name":"http-nio-8080-exec-3","level":"INFO","level_value":20000}
{"@timestamp":"2026-02-15T11:17:36.853038+03:00","@version":"1","message":"RUN SERVICE: SERVICE_METHOD: ru.webbyskytracker.usersservice.service.AuthService.login\nMETHOD ARGUMENTS: [[LoginRequestDto(email=murza.ran@gmail.com, password=I@mFuture050501+)]],","logger_name":"ru.webbyskytracker.usersservice.aspect.LoggingAspect","thread_name":"http-nio-8080-exec-3","level":"INFO","level_value":20000}
{"@timestamp":"2026-02-15T11:17:36.9809702+03:00","@version":"1","message":"RUN SERVICE: SERVICE_METHOD: ru.webbyskytracker.usersservice.service.RefreshTokenService.save\nMETHOD ARGUMENTS: [[eyJhbGciOiJIUzI1NiJ9.eyJzdWIiOiJtdXJ6YS5yYW5AZ21haWwuY29tIiwidXNlcklkIjoxLCJyb2xlIjoiVVNFUl9ST0xFIiwiaXNzIjoidXNlci1zZXJ2aWNlIiwiaWF0IjoxNzcxMTQzNDU2LCJleHAiOjE3NzE3NDgyNTZ9.J5oFAAeLkgt4St78yjpy1hv0IYTpjC3XUwm6-fGezE0, 1, PT168H]],","logger_name":"ru.webbyskytracker.usersservice.aspect.LoggingAspect","thread_name":"http-nio-8080-exec-3","level":"INFO","level_value":20000}
{"@timestamp":"2026-02-15T11:17:37.3396331+03:00","@version":"1","message":"Value(1) with key(refresh_token:eyJhbGciOiJIUzI1NiJ9.eyJzdWIiOiJtdXJ6YS5yYW5AZ21haWwuY29tIiwidXNlcklkIjoxLCJyb2xlIjoiVVNFUl9ST0xFIiwiaXNzIjoidXNlci1zZXJ2aWNlIiwiaWF0IjoxNzcxMTQzNDU2LCJleHAiOjE3NzE3NDgyNTZ9.J5oFAAeLkgt4St78yjpy1hv0IYTpjC3XUwm6-fGezE0) added to Redis","logger_name":"ru.webbyskytracker.usersservice.service.RefreshTokenService","thread_name":"http-nio-8080-exec-3","level":"INFO","level_value":20000}
{"@timestamp":"2026-02-15T11:17:37.3401516+03:00","@version":"1","message":"Return value: JwtAuthDto(accessToken=eyJhbGciOiJIUzI1NiJ9.eyJzdWIiOiJtdXJ6YS5yYW5AZ21haWwuY29tIiwidXNlcklkIjoxLCJyb2xlIjoiVVNFUl9ST0xFIiwiaXNzIjoidXNlci1zZXJ2aWNlIiwiaWF0IjoxNzcxMTQzNDU2LCJleHAiOjE3NzExNDUyNTZ9.PunCNjOSQJxdm5J62O94NqjdqMLK7stU7N2lR8hyBTM, refreshToken=eyJhbGciOiJIUzI1NiJ9.eyJzdWIiOiJtdXJ6YS5yYW5AZ21haWwuY29tIiwidXNlcklkIjoxLCJyb2xlIjoiVVNFUl9ST0xFIiwiaXNzIjoidXNlci1zZXJ2aWNlIiwiaWF0IjoxNzcxMTQzNDU2LCJleHAiOjE3NzE3NDgyNTZ9.J5oFAAeLkgt4St78yjpy1hv0IYTpjC3XUwm6-fGezE0)","logger_name":"ru.webbyskytracker.usersservice.aspect.LoggingAspect","thread_name":"http-nio-8080-exec-3","level":"INFO","level_value":20000}
{"@timestamp":"2026-02-15T11:17:37.3406766+03:00","@version":"1","message":"Controller Method executed successfully: ru.webbyskytracker.usersservice.controller.AuthController.login.","logger_name":"ru.webbyskytracker.usersservice.aspect.LoggingAspect","thread_name":"http-nio-8080-exec-3","level":"INFO","level_value":20000}
{"@timestamp":"2026-02-15T11:17:37.3406766+03:00","@version":"1","message":"Execution method: ru.webbyskytracker.usersservice.controller.AuthController.login. Execution time: 491","logger_name":"ru.webbyskytracker.usersservice.aspect.LoggingAspect","thread_name":"http-nio-8080-exec-3","level":"INFO","level_value":20000}
{"@timestamp":"2026-02-15T11:20:12.662443+03:00","@version":"1","message":"Resolving eureka endpoints via configuration","logger_name":"com.netflix.discovery.shared.resolver.aws.ConfigClusterResolver","thread_name":"AsyncResolver-bootstrap-executor-%d","level":"INFO","level_value":20000}
{"@timestamp":"2026-02-15T11:25:12.6704194+03:00","@version":"1","message":"Resolving eureka endpoints via configuration","logger_name":"com.netflix.discovery.shared.resolver.aws.ConfigClusterResolver","thread_name":"AsyncResolver-bootstrap-executor-%d","level":"INFO","level_value":20000}
{"@timestamp":"2026-02-15T11:30:12.6763058+03:00","@version":"1","message":"Resolving eureka endpoints via configuration","logger_name":"com.netflix.discovery.shared.resolver.aws.ConfigClusterResolver","thread_name":"AsyncResolver-bootstrap-executor-%d","level":"INFO","level_value":20000}
{"@timestamp":"2026-02-15T11:31:26.5162843+03:00","@version":"1","message":"Authentication set for user: murza.ran@gmail.com","logger_name":"ru.webbyskytracker.usersservice.security.jwt.JwtFilter","thread_name":"http-nio-8080-exec-5","level":"INFO","level_value":20000}
{"@timestamp":"2026-02-15T11:31:39.4646373+03:00","@version":"1","message":"Authentication set for user: murza.ran@gmail.com","logger_name":"ru.webbyskytracker.usersservice.security.jwt.JwtFilter","thread_name":"http-nio-8080-exec-6","level":"INFO","level_value":20000}
{"@timestamp":"2026-02-15T11:31:39.4766341+03:00","@version":"1","message":"NEW REQUEST: IP: 0:0:0:0:0:0:0:1, URL: http://localhost:8080/api/v1/tasks/new-task, HTTP_METHOD: POST, CONTROLLER_METHOD: ru.webbyskytracker.usersservice.controller.TaskController.newTask","logger_name":"ru.webbyskytracker.usersservice.aspect.LoggingAspect","thread_name":"http-nio-8080-exec-6","level":"INFO","level_value":20000}
{"@timestamp":"2026-02-15T11:31:39.4776348+03:00","@version":"1","message":"RUN SERVICE: SERVICE_METHOD: ru.webbyskytracker.usersservice.service.TaskService.createNewTask\nMETHOD ARGUMENTS: [[ru.webbyskytracker.usersservice.dto.request.NewTaskRequest@f44acf7, Bearer eyJhbGciOiJIUzI1NiJ9.eyJzdWIiOiJtdXJ6YS5yYW5AZ21haWwuY29tIiwidXNlcklkIjoxLCJyb2xlIjoiVVNFUl9ST0xFIiwiaXNzIjoidXNlci1zZXJ2aWNlIiwiaWF0IjoxNzcxMTQzNDU2LCJleHAiOjE3NzExNDUyNTZ9.PunCNjOSQJxdm5J62O94NqjdqMLK7stU7N2lR8hyBTM]],","logger_name":"ru.webbyskytracker.usersservice.aspect.LoggingAspect","thread_name":"http-nio-8080-exec-6","level":"INFO","level_value":20000}
{"@timestamp":"2026-02-15T11:31:39.4796198+03:00","@version":"1","message":"RUN SERVICE: SERVICE_METHOD: ru.webbyskytracker.usersservice.service.UserService.findByEmail\nMETHOD ARGUMENTS: [[murza.ran@gmail.com]],","logger_name":"ru.webbyskytracker.usersservice.aspect.LoggingAspect","thread_name":"http-nio-8080-exec-6","level":"INFO","level_value":20000}
{"@timestamp":"2026-02-15T11:31:39.5659794+03:00","@version":"1","message":"Return value: <200 OK OK,ApiResponse(success=true, message=Task added),[]>","logger_name":"ru.webbyskytracker.usersservice.aspect.LoggingAspect","thread_name":"http-nio-8080-exec-6","level":"INFO","level_value":20000}
{"@timestamp":"2026-02-15T11:31:39.5675693+03:00","@version":"1","message":"Controller Method executed successfully: ru.webbyskytracker.usersservice.controller.TaskController.newTask.","logger_name":"ru.webbyskytracker.usersservice.aspect.LoggingAspect","thread_name":"http-nio-8080-exec-6","level":"INFO","level_value":20000}
{"@timestamp":"2026-02-15T11:31:39.5675693+03:00","@version":"1","message":"Execution method: ru.webbyskytracker.usersservice.controller.TaskController.newTask. Execution time: 91","logger_name":"ru.webbyskytracker.usersservice.aspect.LoggingAspect","thread_name":"http-nio-8080-exec-6","level":"INFO","level_value":20000}
{"@timestamp":"2026-02-15T11:32:35.8297013+03:00","@version":"1","message":"Authentication set for user: murza.ran@gmail.com","logger_name":"ru.webbyskytracker.usersservice.security.jwt.JwtFilter","thread_name":"http-nio-8080-exec-7","level":"INFO","level_value":20000}
{"@timestamp":"2026-02-15T11:32:35.831609+03:00","@version":"1","message":"NEW REQUEST: IP: 0:0:0:0:0:0:0:1, URL: http://localhost:8080/api/v1/tasks/new-task, HTTP_METHOD: POST, CONTROLLER_METHOD: ru.webbyskytracker.usersservice.controller.TaskController.newTask","logger_name":"ru.webbyskytracker.usersservice.aspect.LoggingAspect","thread_name":"http-nio-8080-exec-7","level":"INFO","level_value":20000}
{"@timestamp":"2026-02-15T11:32:35.831609+03:00","@version":"1","message":"RUN SERVICE: SERVICE_METHOD: ru.webbyskytracker.usersservice.service.TaskService.createNewTask\nMETHOD ARGUMENTS: [[ru.webbyskytracker.usersservice.dto.request.NewTaskRequest@4b89c765, Bearer eyJhbGciOiJIUzI1NiJ9.eyJzdWIiOiJtdXJ6YS5yYW5AZ21haWwuY29tIiwidXNlcklkIjoxLCJyb2xlIjoiVVNFUl9ST0xFIiwiaXNzIjoidXNlci1zZXJ2aWNlIiwiaWF0IjoxNzcxMTQzNDU2LCJleHAiOjE3NzExNDUyNTZ9.PunCNjOSQJxdm5J62O94NqjdqMLK7stU7N2lR8hyBTM]],","logger_name":"ru.webbyskytracker.usersservice.aspect.LoggingAspect","thread_name":"http-nio-8080-exec-7","level":"INFO","level_value":20000}
{"@timestamp":"2026-02-15T11:32:35.8336097+03:00","@version":"1","message":"RUN SERVICE: SERVICE_METHOD: ru.webbyskytracker.usersservice.service.UserService.findByEmail\nMETHOD ARGUMENTS: [[murza.ran@gmail.com]],","logger_name":"ru.webbyskytracker.usersservice.aspect.LoggingAspect","thread_name":"http-nio-8080-exec-7","level":"INFO","level_value":20000}
{"@timestamp":"2026-02-15T11:32:35.8372416+03:00","@version":"1","message":"Return value: <200 OK OK,ApiResponse(success=true, message=Task added),[]>","logger_name":"ru.webbyskytracker.usersservice.aspect.LoggingAspect","thread_name":"http-nio-8080-exec-7","level":"INFO","level_value":20000}
{"@timestamp":"2026-02-15T11:32:35.8372416+03:00","@version":"1","message":"Controller Method executed successfully: ru.webbyskytracker.usersservice.controller.TaskController.newTask.","logger_name":"ru.webbyskytracker.usersservice.aspect.LoggingAspect","thread_name":"http-nio-8080-exec-7","level":"INFO","level_value":20000}
{"@timestamp":"2026-02-15T11:32:35.8372416+03:00","@version":"1","message":"Execution method: ru.webbyskytracker.usersservice.controller.TaskController.newTask. Execution time: 6","logger_name":"ru.webbyskytracker.usersservice.aspect.LoggingAspect","thread_name":"http-nio-8080-exec-7","level":"INFO","level_value":20000}
{"@timestamp":"2026-02-15T11:33:00.2618378+03:00","@version":"1","message":"Authentication set for user: murza.ran@gmail.com","logger_name":"ru.webbyskytracker.usersservice.security.jwt.JwtFilter","thread_name":"http-nio-8080-exec-8","level":"INFO","level_value":20000}
{"@timestamp":"2026-02-15T11:33:00.2628404+03:00","@version":"1","message":"NEW REQUEST: IP: 0:0:0:0:0:0:0:1, URL: http://localhost:8080/api/v1/tasks/get-user-tasks, HTTP_METHOD: GET, CONTROLLER_METHOD: ru.webbyskytracker.usersservice.controller.TaskController.getUserTasks","logger_name":"ru.webbyskytracker.usersservice.aspect.LoggingAspect","thread_name":"http-nio-8080-exec-8","level":"INFO","level_value":20000}
{"@timestamp":"2026-02-15T11:33:00.2628404+03:00","@version":"1","message":"RUN SERVICE: SERVICE_METHOD: ru.webbyskytracker.usersservice.service.TaskService.getUserTasks\nMETHOD ARGUMENTS: [[Bearer eyJhbGciOiJIUzI1NiJ9.eyJzdWIiOiJtdXJ6YS5yYW5AZ21haWwuY29tIiwidXNlcklkIjoxLCJyb2xlIjoiVVNFUl9ST0xFIiwiaXNzIjoidXNlci1zZXJ2aWNlIiwiaWF0IjoxNzcxMTQzNDU2LCJleHAiOjE3NzExNDUyNTZ9.PunCNjOSQJxdm5J62O94NqjdqMLK7stU7N2lR8hyBTM]],","logger_name":"ru.webbyskytracker.usersservice.aspect.LoggingAspect","thread_name":"http-nio-8080-exec-8","level":"INFO","level_value":20000}
{"@timestamp":"2026-02-15T11:33:00.2648374+03:00","@version":"1","message":"RUN SERVICE: SERVICE_METHOD: ru.webbyskytracker.usersservice.service.UserService.findByEmail\nMETHOD ARGUMENTS: [[murza.ran@gmail.com]],","logger_name":"ru.webbyskytracker.usersservice.aspect.LoggingAspect","thread_name":"http-nio-8080-exec-8","level":"INFO","level_value":20000}
{"@timestamp":"2026-02-15T11:33:00.2808504+03:00","@version":"1","message":"Return value: <200 OK OK,[ru.webbyskytracker.usersservice.dto.request.NewTaskRequest@5d4422fa, ru.webbyskytracker.usersservice.dto.request.NewTaskRequest@675c78f5],[]>","logger_name":"ru.webbyskytracker.usersservice.aspect.LoggingAspect","thread_name":"http-nio-8080-exec-8","level":"INFO","level_value":20000}
{"@timestamp":"2026-02-15T11:33:00.2808504+03:00","@version":"1","message":"Controller Method executed successfully: ru.webbyskytracker.usersservice.controller.TaskController.getUserTasks.","logger_name":"ru.webbyskytracker.usersservice.aspect.LoggingAspect","thread_name":"http-nio-8080-exec-8","level":"INFO","level_value":20000}
{"@timestamp":"2026-02-15T11:33:00.2808504+03:00","@version":"1","message":"Execution method: ru.webbyskytracker.usersservice.controller.TaskController.getUserTasks. Execution time: 18","logger_name":"ru.webbyskytracker.usersservice.aspect.LoggingAspect","thread_name":"http-nio-8080-exec-8","level":"INFO","level_value":20000}
{"@timestamp":"2026-02-15T11:33:37.8836828+03:00","@version":"1","message":"Authentication set for user: murza.ran@gmail.com","logger_name":"ru.webbyskytracker.usersservice.security.jwt.JwtFilter","thread_name":"http-nio-8080-exec-10","level":"INFO","level_value":20000}
{"@timestamp":"2026-02-15T11:33:37.8856835+03:00","@version":"1","message":"NEW REQUEST: IP: 0:0:0:0:0:0:0:1, URL: http://localhost:8080/api/v1/tasks/get-user-tasks-by-date, HTTP_METHOD: GET, CONTROLLER_METHOD: ru.webbyskytracker.usersservice.controller.TaskController.getUserTasksByDate","logger_name":"ru.webbyskytracker.usersservice.aspect.LoggingAspect","thread_name":"http-nio-8080-exec-10","level":"INFO","level_value":20000}
{"@timestamp":"2026-02-15T11:33:37.8856835+03:00","@version":"1","message":"RUN SERVICE: SERVICE_METHOD: ru.webbyskytracker.usersservice.service.TaskService.getUserTasksByDate\nMETHOD ARGUMENTS: [[Bearer eyJhbGciOiJIUzI1NiJ9.eyJzdWIiOiJtdXJ6YS5yYW5AZ21haWwuY29tIiwidXNlcklkIjoxLCJyb2xlIjoiVVNFUl9ST0xFIiwiaXNzIjoidXNlci1zZXJ2aWNlIiwiaWF0IjoxNzcxMTQzNDU2LCJleHAiOjE3NzExNDUyNTZ9.PunCNjOSQJxdm5J62O94NqjdqMLK7stU7N2lR8hyBTM, 2026-02-15]],","logger_name":"ru.webbyskytracker.usersservice.aspect.LoggingAspect","thread_name":"http-nio-8080-exec-10","level":"INFO","level_value":20000}
{"@timestamp":"2026-02-15T11:33:37.8886836+03:00","@version":"1","message":"RUN SERVICE: SERVICE_METHOD: ru.webbyskytracker.usersservice.service.UserService.findByEmail\nMETHOD ARGUMENTS: [[murza.ran@gmail.com]],","logger_name":"ru.webbyskytracker.usersservice.aspect.LoggingAspect","thread_name":"http-nio-8080-exec-10","level":"INFO","level_value":20000}
{"@timestamp":"2026-02-15T11:33:37.913715+03:00","@version":"1","message":"Return value: <200 OK OK,[ru.webbyskytracker.usersservice.dto.request.NewTaskRequest@4dcb956c],[]>","logger_name":"ru.webbyskytracker.usersservice.aspect.LoggingAspect","thread_name":"http-nio-8080-exec-10","level":"INFO","level_value":20000}
{"@timestamp":"2026-02-15T11:33:37.9143353+03:00","@version":"1","message":"Controller Method executed successfully: ru.webbyskytracker.usersservice.controller.TaskController.getUserTasksByDate.","logger_name":"ru.webbyskytracker.usersservice.aspect.LoggingAspect","thread_name":"http-nio-8080-exec-10","level":"INFO","level_value":20000}
{"@timestamp":"2026-02-15T11:33:37.9143353+03:00","@version":"1","message":"Execution method: ru.webbyskytracker.usersservice.controller.TaskController.getUserTasksByDate. Execution time: 29","logger_name":"ru.webbyskytracker.usersservice.aspect.LoggingAspect","thread_name":"http-nio-8080-exec-10","level":"INFO","level_value":20000}
{"@timestamp":"2026-02-15T11:34:10.7903826+03:00","@version":"1","message":"Authentication set for user: murza.ran@gmail.com","logger_name":"ru.webbyskytracker.usersservice.security.jwt.JwtFilter","thread_name":"http-nio-8080-exec-9","level":"INFO","level_value":20000}
{"@timestamp":"2026-02-15T11:34:10.7913821+03:00","@version":"1","message":"NEW REQUEST: IP: 0:0:0:0:0:0:0:1, URL: http://localhost:8080/api/v1/tasks/get-user-tasks-by-date, HTTP_METHOD: GET, CONTROLLER_METHOD: ru.webbyskytracker.usersservice.controller.TaskController.getUserTasksByDate","logger_name":"ru.webbyskytracker.usersservice.aspect.LoggingAspect","thread_name":"http-nio-8080-exec-9","level":"INFO","level_value":20000}
{"@timestamp":"2026-02-15T11:34:10.7913821+03:00","@version":"1","message":"RUN SERVICE: SERVICE_METHOD: ru.webbyskytracker.usersservice.service.TaskService.getUserTasksByDate\nMETHOD ARGUMENTS: [[Bearer eyJhbGciOiJIUzI1NiJ9.eyJzdWIiOiJtdXJ6YS5yYW5AZ21haWwuY29tIiwidXNlcklkIjoxLCJyb2xlIjoiVVNFUl9ST0xFIiwiaXNzIjoidXNlci1zZXJ2aWNlIiwiaWF0IjoxNzcxMTQzNDU2LCJleHAiOjE3NzExNDUyNTZ9.PunCNjOSQJxdm5J62O94NqjdqMLK7stU7N2lR8hyBTM, 2026-02-16]],","logger_name":"ru.webbyskytracker.usersservice.aspect.LoggingAspect","thread_name":"http-nio-8080-exec-9","level":"INFO","level_value":20000}
{"@timestamp":"2026-02-15T11:34:10.7933814+03:00","@version":"1","message":"RUN SERVICE: SERVICE_METHOD: ru.webbyskytracker.usersservice.service.UserService.findByEmail\nMETHOD ARGUMENTS: [[murza.ran@gmail.com]],","logger_name":"ru.webbyskytracker.usersservice.aspect.LoggingAspect","thread_name":"http-nio-8080-exec-9","level":"INFO","level_value":20000}
{"@timestamp":"2026-02-15T11:34:10.7983823+03:00","@version":"1","message":"Return value: <200 OK OK,[ru.webbyskytracker.usersservice.dto.request.NewTaskRequest@56198fa7],[]>","logger_name":"ru.webbyskytracker.usersservice.aspect.LoggingAspect","thread_name":"http-nio-8080-exec-9","level":"INFO","level_value":20000}
{"@timestamp":"2026-02-15T11:34:10.7983823+03:00","@version":"1","message":"Controller Method executed successfully: ru.webbyskytracker.usersservice.controller.TaskController.getUserTasksByDate.","logger_name":"ru.webbyskytracker.usersservice.aspect.LoggingAspect","thread_name":"http-nio-8080-exec-9","level":"INFO","level_value":20000}
{"@timestamp":"2026-02-15T11:34:10.7983823+03:00","@version":"1","message":"Execution method: ru.webbyskytracker.usersservice.controller.TaskController.getUserTasksByDate. Execution time: 7","logger_name":"ru.webbyskytracker.usersservice.aspect.LoggingAspect","thread_name":"http-nio-8080-exec-9","level":"INFO","level_value":20000}
{"@timestamp":"2026-02-15T11:35:02.0748727+03:00","@version":"1","message":"Authentication set for user: murza.ran@gmail.com","logger_name":"ru.webbyskytracker.usersservice.security.jwt.JwtFilter","thread_name":"http-nio-8080-exec-1","level":"INFO","level_value":20000}
{"@timestamp":"2026-02-15T11:35:02.0768725+03:00","@version":"1","message":"NEW REQUEST: IP: 0:0:0:0:0:0:0:1, URL: http://localhost:8080/api/v1/tasks/delete-task/1, HTTP_METHOD: POST, CONTROLLER_METHOD: ru.webbyskytracker.usersservice.controller.TaskController.deleteTaskById","logger_name":"ru.webbyskytracker.usersservice.aspect.LoggingAspect","thread_name":"http-nio-8080-exec-1","level":"INFO","level_value":20000}
{"@timestamp":"2026-02-15T11:35:02.0768725+03:00","@version":"1","message":"RUN SERVICE: SERVICE_METHOD: ru.webbyskytracker.usersservice.service.TaskService.deleteTaskById\nMETHOD ARGUMENTS: [[1]],","logger_name":"ru.webbyskytracker.usersservice.aspect.LoggingAspect","thread_name":"http-nio-8080-exec-1","level":"INFO","level_value":20000}
{"@timestamp":"2026-02-15T11:35:02.1038722+03:00","@version":"1","message":"Return value: <200 OK OK,ApiResponse(success=true, message=Task deleted),[]>","logger_name":"ru.webbyskytracker.usersservice.aspect.LoggingAspect","thread_name":"http-nio-8080-exec-1","level":"INFO","level_value":20000}
{"@timestamp":"2026-02-15T11:35:02.1038722+03:00","@version":"1","message":"Controller Method executed successfully: ru.webbyskytracker.usersservice.controller.TaskController.deleteTaskById.","logger_name":"ru.webbyskytracker.usersservice.aspect.LoggingAspect","thread_name":"http-nio-8080-exec-1","level":"INFO","level_value":20000}
{"@timestamp":"2026-02-15T11:35:02.1038722+03:00","@version":"1","message":"Execution method: ru.webbyskytracker.usersservice.controller.TaskController.deleteTaskById. Execution time: 27","logger_name":"ru.webbyskytracker.usersservice.aspect.LoggingAspect","thread_name":"http-nio-8080-exec-1","level":"INFO","level_value":20000}
{"@timestamp":"2026-02-15T11:35:12.6813897+03:00","@version":"1","message":"Resolving eureka endpoints via configuration","logger_name":"com.netflix.discovery.shared.resolver.aws.ConfigClusterResolver","thread_name":"AsyncResolver-bootstrap-executor-%d","level":"INFO","level_value":20000}
{"@timestamp":"2026-02-15T11:40:12.6889288+03:00","@version":"1","message":"Resolving eureka endpoints via configuration","logger_name":"com.netflix.discovery.shared.resolver.aws.ConfigClusterResolver","thread_name":"AsyncResolver-bootstrap-executor-%d","level":"INFO","level_value":20000}
{"@timestamp":"2026-02-15T11:45:12.6980411+03:00","@version":"1","message":"Resolving eureka endpoints via configuration","logger_name":"com.netflix.discovery.shared.resolver.aws.ConfigClusterResolver","thread_name":"AsyncResolver-bootstrap-executor-%d","level":"INFO","level_value":20000}
{"@timestamp":"2026-02-15T11:50:12.7042641+03:00","@version":"1","message":"Resolving eureka endpoints via configuration","logger_name":"com.netflix.discovery.shared.resolver.aws.ConfigClusterResolver","thread_name":"AsyncResolver-bootstrap-executor-%d","level":"INFO","level_value":20000}
{"@timestamp":"2026-02-15T11:55:12.7107601+03:00","@version":"1","message":"Resolving eureka endpoints via configuration","logger_name":"com.netflix.discovery.shared.resolver.aws.ConfigClusterResolver","thread_name":"AsyncResolver-bootstrap-executor-%d","level":"INFO","level_value":20000}
{"@timestamp":"2026-02-15T12:00:12.7205424+03:00","@version":"1","message":"Resolving eureka endpoints via configuration","logger_name":"com.netflix.discovery.shared.resolver.aws.ConfigClusterResolver","thread_name":"AsyncResolver-bootstrap-executor-%d","level":"INFO","level_value":20000}
{"@timestamp":"2026-02-15T12:05:12.7216595+03:00","@version":"1","message":"Resolving eureka endpoints via configuration","logger_name":"com.netflix.discovery.shared.resolver.aws.ConfigClusterResolver","thread_name":"AsyncResolver-bootstrap-executor-%d","level":"INFO","level_value":20000}
{"@timestamp":"2026-02-15T12:10:12.731021+03:00","@version":"1","message":"Resolving eureka endpoints via configuration","logger_name":"com.netflix.discovery.shared.resolver.aws.ConfigClusterResolver","thread_name":"AsyncResolver-bootstrap-executor-%d","level":"INFO","level_value":20000}
{"@timestamp":"2026-02-15T12:15:12.7416926+03:00","@version":"1","message":"Resolving eureka endpoints via configuration","logger_name":"com.netflix.discovery.shared.resolver.aws.ConfigClusterResolver","thread_name":"AsyncResolver-bootstrap-executor-%d","level":"INFO","level_value":20000}
{"@timestamp":"2026-02-15T12:20:12.888348+03:00","@version":"1","message":"Resolving eureka endpoints via configuration","logger_name":"com.netflix.discovery.shared.resolver.aws.ConfigClusterResolver","thread_name":"AsyncResolver-bootstrap-executor-%d","level":"INFO","level_value":20000}
{"@timestamp":"2026-02-15T12:25:12.9007734+03:00","@version":"1","message":"Resolving eureka endpoints via configuration","logger_name":"com.netflix.discovery.shared.resolver.aws.ConfigClusterResolver","thread_name":"AsyncResolver-bootstrap-executor-%d","level":"INFO","level_value":20000}
